Started GET "/" for 127.0.0.1 at 2025-05-20 19:04:42 +0530
  [1m[35m (11.2ms)[0m  [1m[35mCREATE TABLE "schema_migrations" ("version" varchar NOT NULL PRIMARY KEY) /*application='CatSearchApp'*/[0m
  [1m[35m (0.3ms)[0m  [1m[35mCREATE TABLE "ar_internal_metadata" ("key" varchar NOT NULL PRIMARY KEY, "value" varchar, "created_at" datetime(6) NOT NULL, "updated_at" datetime(6) NOT NULL) /*application='CatSearchApp'*/[0m
  [1m[36mActiveRecord::SchemaMigration Load (0.3ms)[0m  [1m[34mSELECT "schema_migrations"."version" FROM "schema_migrations" ORDER BY "schema_migrations"."version" ASC /*application='CatSearchApp'*/[0m
Processing by CatsController#index as HTML
  Rendering layout layouts/application.html.erb
  Rendering cats/index.html.erb within layouts/application
  Rendered cats/index.html.erb within layouts/application (Duration: 9.7ms | GC: 1.1ms)
  Rendered layout layouts/application.html.erb (Duration: 31.5ms | GC: 2.3ms)
Completed 200 OK in 165ms (Views: 40.6ms | ActiveRecord: 0.0ms (0 queries, 0 cached) | GC: 18.8ms)


Started GET "/assets/application-8b441ae0.css" for 127.0.0.1 at 2025-05-20 19:04:42 +0530
Started GET "/search?breed=Persian&commit=Search" for 127.0.0.1 at 2025-05-20 19:05:09 +0530
Processing by CatsController#search as HTML
  Parameters: {"breed"=>"Persian", "commit"=>"Search"}
  Rendering layout layouts/application.html.erb
  Rendering cats/search.html.erb within layouts/application
  Rendered cats/search.html.erb within layouts/application (Duration: 0.9ms | GC: 0.0ms)
  Rendered layout layouts/application.html.erb (Duration: 39.7ms | GC: 0.5ms)
Completed 200 OK in 1890ms (Views: 40.8ms | ActiveRecord: 0.0ms (0 queries, 0 cached) | GC: 1.3ms)


Started GET "/search?breed=Persian&commit=Search" for 127.0.0.1 at 2025-05-20 19:06:30 +0530
Processing by CatsController#search as HTML
  Parameters: {"breed"=>"Persian", "commit"=>"Search"}
  Rendering layout layouts/application.html.erb
  Rendering cats/search.html.erb within layouts/application
  Rendered cats/search.html.erb within layouts/application (Duration: 2.4ms | GC: 0.0ms)
  Rendered layout layouts/application.html.erb (Duration: 10.9ms | GC: 0.7ms)
Completed 200 OK in 1213ms (Views: 14.9ms | ActiveRecord: 0.0ms (0 queries, 0 cached) | GC: 1.2ms)


Started GET "/" for 127.0.0.1 at 2025-05-20 19:06:44 +0530
Processing by CatsController#index as HTML
  Rendering layout layouts/application.html.erb
  Rendering cats/index.html.erb within layouts/application
  Rendered cats/index.html.erb within layouts/application (Duration: 2.1ms | GC: 0.0ms)
  Rendered layout layouts/application.html.erb (Duration: 3.9ms | GC: 0.0ms)
Completed 200 OK in 25ms (Views: 4.5ms | ActiveRecord: 0.0ms (0 queries, 0 cached) | GC: 0.3ms)


Started GET "/search?breed=Bengal&commit=Search" for 127.0.0.1 at 2025-05-20 19:06:47 +0530
Processing by CatsController#search as HTML
  Parameters: {"breed"=>"Bengal", "commit"=>"Search"}
  Rendering layout layouts/application.html.erb
  Rendering cats/search.html.erb within layouts/application
  Rendered cats/search.html.erb within layouts/application (Duration: 0.6ms | GC: 0.0ms)
  Rendered layout layouts/application.html.erb (Duration: 2.6ms | GC: 0.0ms)
Completed 200 OK in 1181ms (Views: 3.9ms | ActiveRecord: 0.0ms (0 queries, 0 cached) | GC: 0.0ms)


Started GET "/" for 127.0.0.1 at 2025-05-20 19:08:31 +0530
Processing by CatsController#index as HTML
  Rendering layout layouts/application.html.erb
  Rendering cats/index.html.erb within layouts/application
  Rendered cats/index.html.erb within layouts/application (Duration: 1.6ms | GC: 0.0ms)
  Rendered layout layouts/application.html.erb (Duration: 3.9ms | GC: 0.0ms)
Completed 200 OK in 32ms (Views: 4.7ms | ActiveRecord: 0.0ms (0 queries, 0 cached) | GC: 0.0ms)


Started GET "/search?breed=Persian&commit=Search" for 127.0.0.1 at 2025-05-20 19:08:34 +0530
Processing by CatsController#search as HTML
  Parameters: {"breed"=>"Persian", "commit"=>"Search"}
  Rendering layout layouts/application.html.erb
  Rendering cats/search.html.erb within layouts/application
  Rendered cats/search.html.erb within layouts/application (Duration: 0.4ms | GC: 0.0ms)
  Rendered layout layouts/application.html.erb (Duration: 2.0ms | GC: 0.0ms)
Completed 200 OK in 1507ms (Views: 2.6ms | ActiveRecord: 0.0ms (0 queries, 0 cached) | GC: 0.0ms)


Started GET "/" for 127.0.0.1 at 2025-05-20 19:09:31 +0530
Processing by CatsController#index as HTML
  Rendering layout layouts/application.html.erb
  Rendering cats/index.html.erb within layouts/application
  Rendered cats/index.html.erb within layouts/application (Duration: 2.4ms | GC: 0.0ms)
  Rendered layout layouts/application.html.erb (Duration: 5.9ms | GC: 0.0ms)
Completed 200 OK in 40ms (Views: 7.3ms | ActiveRecord: 0.0ms (0 queries, 0 cached) | GC: 0.0ms)


Started GET "/search?breed=+Maine+Coon&commit=Search" for 127.0.0.1 at 2025-05-20 19:09:54 +0530
Processing by CatsController#search as HTML
  Parameters: {"breed"=>" Maine Coon", "commit"=>"Search"}
  Rendering layout layouts/application.html.erb
  Rendering cats/search.html.erb within layouts/application
  Rendered cats/search.html.erb within layouts/application (Duration: 0.9ms | GC: 0.0ms)
  Rendered layout layouts/application.html.erb (Duration: 3.6ms | GC: 0.0ms)
Completed 200 OK in 670ms (Views: 4.6ms | ActiveRecord: 0.0ms (0 queries, 0 cached) | GC: 0.0ms)


Started GET "/" for 127.0.0.1 at 2025-05-20 19:09:57 +0530
Processing by CatsController#index as HTML
  Rendering layout layouts/application.html.erb
  Rendering cats/index.html.erb within layouts/application
  Rendered cats/index.html.erb within layouts/application (Duration: 2.1ms | GC: 0.0ms)
  Rendered layout layouts/application.html.erb (Duration: 5.4ms | GC: 0.0ms)
Completed 200 OK in 44ms (Views: 6.9ms | ActiveRecord: 0.0ms (0 queries, 0 cached) | GC: 0.0ms)


Started GET "/" for 127.0.0.1 at 2025-05-20 19:10:05 +0530
Processing by CatsController#index as HTML
  Rendering layout layouts/application.html.erb
  Rendering cats/index.html.erb within layouts/application
  Rendered cats/index.html.erb within layouts/application (Duration: 2.2ms | GC: 0.0ms)
  Rendered layout layouts/application.html.erb (Duration: 5.4ms | GC: 0.0ms)
Completed 200 OK in 40ms (Views: 6.3ms | ActiveRecord: 0.0ms (0 queries, 0 cached) | GC: 0.0ms)


Started GET "/search?breed=Ragdoll&commit=Search" for 127.0.0.1 at 2025-05-20 19:10:09 +0530
Processing by CatsController#search as HTML
  Parameters: {"breed"=>"Ragdoll", "commit"=>"Search"}
  Rendering layout layouts/application.html.erb
  Rendering cats/search.html.erb within layouts/application
  Rendered cats/search.html.erb within layouts/application (Duration: 0.4ms | GC: 0.0ms)
  Rendered layout layouts/application.html.erb (Duration: 2.2ms | GC: 0.0ms)
Completed 200 OK in 1292ms (Views: 2.8ms | ActiveRecord: 0.0ms (0 queries, 0 cached) | GC: 0.0ms)


Started GET "/" for 127.0.0.1 at 2025-05-20 19:11:33 +0530
Processing by CatsController#index as HTML
  Rendering layout layouts/application.html.erb
  Rendering cats/index.html.erb within layouts/application
  Rendered cats/index.html.erb within layouts/application (Duration: 1.6ms | GC: 0.0ms)
  Rendered layout layouts/application.html.erb (Duration: 4.4ms | GC: 0.0ms)
Completed 200 OK in 28ms (Views: 5.1ms | ActiveRecord: 0.0ms (0 queries, 0 cached) | GC: 0.0ms)


Started GET "/" for 127.0.0.1 at 2025-05-20 19:11:51 +0530
Processing by CatsController#index as HTML
  Rendering layout layouts/application.html.erb
  Rendering cats/index.html.erb within layouts/application
  Rendered cats/index.html.erb within layouts/application (Duration: 1.2ms | GC: 0.0ms)
  Rendered layout layouts/application.html.erb (Duration: 3.4ms | GC: 0.0ms)
Completed 200 OK in 36ms (Views: 4.0ms | ActiveRecord: 0.0ms (0 queries, 0 cached) | GC: 0.0ms)


Started GET "/search?breed=Sphynx&commit=Search" for 127.0.0.1 at 2025-05-20 19:11:55 +0530
Processing by CatsController#search as HTML
  Parameters: {"breed"=>"Sphynx", "commit"=>"Search"}
  Rendering layout layouts/application.html.erb
  Rendering cats/search.html.erb within layouts/application
  Rendered cats/search.html.erb within layouts/application (Duration: 0.4ms | GC: 0.0ms)
  Rendered layout layouts/application.html.erb (Duration: 3.1ms | GC: 0.0ms)
Completed 200 OK in 1225ms (Views: 4.8ms | ActiveRecord: 0.0ms (0 queries, 0 cached) | GC: 0.0ms)


Started GET "/" for 127.0.0.1 at 2025-05-20 19:12:18 +0530
Processing by CatsController#index as HTML
  Rendering layout layouts/application.html.erb
  Rendering cats/index.html.erb within layouts/application
  Rendered cats/index.html.erb within layouts/application (Duration: 1.4ms | GC: 0.0ms)
  Rendered layout layouts/application.html.erb (Duration: 3.9ms | GC: 0.0ms)
Completed 200 OK in 21ms (Views: 4.9ms | ActiveRecord: 0.0ms (0 queries, 0 cached) | GC: 0.0ms)


Started GET "/search?breed=Siamese&commit=Search" for 127.0.0.1 at 2025-05-20 19:12:24 +0530
Processing by CatsController#search as HTML
  Parameters: {"breed"=>"Siamese", "commit"=>"Search"}
  Rendering layout layouts/application.html.erb
  Rendering cats/search.html.erb within layouts/application
  Rendered cats/search.html.erb within layouts/application (Duration: 0.4ms | GC: 0.0ms)
  Rendered layout layouts/application.html.erb (Duration: 2.4ms | GC: 0.0ms)
Completed 200 OK in 1176ms (Views: 3.2ms | ActiveRecord: 0.0ms (0 queries, 0 cached) | GC: 0.0ms)


Started GET "/search?breed=Siamese&commit=Search" for 127.0.0.1 at 2025-05-20 19:12:40 +0530
Processing by CatsController#search as HTML
  Parameters: {"breed"=>"Siamese", "commit"=>"Search"}
  Rendering layout layouts/application.html.erb
  Rendering cats/search.html.erb within layouts/application
  Rendered cats/search.html.erb within layouts/application (Duration: 0.6ms | GC: 0.0ms)
  Rendered layout layouts/application.html.erb (Duration: 3.7ms | GC: 0.0ms)
Completed 200 OK in 1143ms (Views: 4.7ms | ActiveRecord: 0.0ms (0 queries, 0 cached) | GC: 0.0ms)


Started GET "/search?breed=Siamese&commit=Search" for 127.0.0.1 at 2025-05-20 19:12:45 +0530
Processing by CatsController#search as HTML
  Parameters: {"breed"=>"Siamese", "commit"=>"Search"}
  Rendering layout layouts/application.html.erb
  Rendering cats/search.html.erb within layouts/application
  Rendered cats/search.html.erb within layouts/application (Duration: 2.8ms | GC: 0.0ms)
  Rendered layout layouts/application.html.erb (Duration: 5.6ms | GC: 0.0ms)
Completed 200 OK in 1087ms (Views: 6.4ms | ActiveRecord: 0.0ms (0 queries, 0 cached) | GC: 0.0ms)


Started GET "/" for 127.0.0.1 at 2025-05-20 19:13:25 +0530
  [1m[36mActiveRecord::SchemaMigration Load (0.2ms)[0m  [1m[34mSELECT "schema_migrations"."version" FROM "schema_migrations" ORDER BY "schema_migrations"."version" ASC /*application='CatSearchApp'*/[0m
Processing by CatsController#index as HTML
  Rendering layout layouts/application.html.erb
  Rendering cats/index.html.erb within layouts/application
  Rendered cats/index.html.erb within layouts/application (Duration: 5.6ms | GC: 1.2ms)
  Rendered layout layouts/application.html.erb (Duration: 29.0ms | GC: 3.2ms)
Completed 200 OK in 92ms (Views: 34.5ms | ActiveRecord: 0.0ms (0 queries, 0 cached) | GC: 20.9ms)


Started GET "/assets/application-8b441ae0.css" for 127.0.0.1 at 2025-05-20 19:13:25 +0530
Started GET "/search?breed=Maine+Coon&commit=Search" for 127.0.0.1 at 2025-05-20 19:13:32 +0530
Processing by CatsController#search as HTML
  Parameters: {"breed"=>"Maine Coon", "commit"=>"Search"}
  Rendering layout layouts/application.html.erb
  Rendering cats/search.html.erb within layouts/application
  Rendered cats/search.html.erb within layouts/application (Duration: 2.0ms | GC: 0.0ms)
  Rendered layout layouts/application.html.erb (Duration: 4.9ms | GC: 0.0ms)
Completed 200 OK in 1359ms (Views: 5.9ms | ActiveRecord: 0.0ms (0 queries, 0 cached) | GC: 1.2ms)


Started GET "/search?breed=Maine+Coon&commit=Search" for 127.0.0.1 at 2025-05-20 19:13:57 +0530
Processing by CatsController#search as HTML
  Parameters: {"breed"=>"Maine Coon", "commit"=>"Search"}
  Rendering layout layouts/application.html.erb
  Rendering cats/search.html.erb within layouts/application
  Rendered cats/search.html.erb within layouts/application (Duration: 0.7ms | GC: 0.0ms)
  Rendered layout layouts/application.html.erb (Duration: 5.2ms | GC: 0.0ms)
Completed 200 OK in 1118ms (Views: 6.2ms | ActiveRecord: 0.0ms (0 queries, 0 cached) | GC: 0.3ms)


Started GET "/search?breed=Maine+Coon&commit=Search" for 127.0.0.1 at 2025-05-20 19:14:05 +0530
Processing by CatsController#search as HTML
  Parameters: {"breed"=>"Maine Coon", "commit"=>"Search"}
  Rendering layout layouts/application.html.erb
  Rendering cats/search.html.erb within layouts/application
  Rendered cats/search.html.erb within layouts/application (Duration: 0.7ms | GC: 0.0ms)
  Rendered layout layouts/application.html.erb (Duration: 6.1ms | GC: 1.1ms)
Completed 200 OK in 1128ms (Views: 7.3ms | ActiveRecord: 0.0ms (0 queries, 0 cached) | GC: 1.1ms)


Started GET "/" for 127.0.0.1 at 2025-05-20 19:14:17 +0530
Processing by CatsController#index as HTML
  Rendering layout layouts/application.html.erb
  Rendering cats/index.html.erb within layouts/application
  Rendered cats/index.html.erb within layouts/application (Duration: 1.9ms | GC: 0.5ms)
  Rendered layout layouts/application.html.erb (Duration: 5.4ms | GC: 1.2ms)
Completed 200 OK in 32ms (Views: 13.2ms | ActiveRecord: 0.0ms (0 queries, 0 cached) | GC: 8.0ms)


Started GET "/search?breed=Abyssinian&commit=Search" for 127.0.0.1 at 2025-05-20 19:14:35 +0530
Processing by CatsController#search as HTML
  Parameters: {"breed"=>"Abyssinian", "commit"=>"Search"}
  Rendering layout layouts/application.html.erb
  Rendering cats/search.html.erb within layouts/application
  Rendered cats/search.html.erb within layouts/application (Duration: 0.5ms | GC: 0.0ms)
  Rendered layout layouts/application.html.erb (Duration: 2.6ms | GC: 0.0ms)
Completed 200 OK in 1166ms (Views: 3.4ms | ActiveRecord: 0.0ms (0 queries, 0 cached) | GC: 0.6ms)


Started GET "/search?breed=Abyssinian&commit=Search" for 127.0.0.1 at 2025-05-20 19:14:45 +0530
Processing by CatsController#search as HTML
  Parameters: {"breed"=>"Abyssinian", "commit"=>"Search"}
  Rendering layout layouts/application.html.erb
  Rendering cats/search.html.erb within layouts/application
  Rendered cats/search.html.erb within layouts/application (Duration: 0.4ms | GC: 0.0ms)
  Rendered layout layouts/application.html.erb (Duration: 3.2ms | GC: 0.0ms)
Completed 200 OK in 2213ms (Views: 4.4ms | ActiveRecord: 0.0ms (0 queries, 0 cached) | GC: 0.3ms)


Started GET "/" for 127.0.0.1 at 2025-05-20 19:15:00 +0530
Processing by CatsController#index as HTML
  Rendering layout layouts/application.html.erb
  Rendering cats/index.html.erb within layouts/application
  Rendered cats/index.html.erb within layouts/application (Duration: 1.9ms | GC: 0.0ms)
  Rendered layout layouts/application.html.erb (Duration: 4.5ms | GC: 0.4ms)
Completed 200 OK in 21ms (Views: 5.4ms | ActiveRecord: 0.0ms (0 queries, 0 cached) | GC: 0.4ms)


Started GET "/search?breed=Oriental&commit=Search" for 127.0.0.1 at 2025-05-20 19:15:03 +0530
Processing by CatsController#search as HTML
  Parameters: {"breed"=>"Oriental", "commit"=>"Search"}
  Rendering layout layouts/application.html.erb
  Rendering cats/search.html.erb within layouts/application
  Rendered cats/search.html.erb within layouts/application (Duration: 0.4ms | GC: 0.0ms)
  Rendered layout layouts/application.html.erb (Duration: 3.0ms | GC: 0.0ms)
Completed 200 OK in 1145ms (Views: 4.4ms | ActiveRecord: 0.0ms (0 queries, 0 cached) | GC: 1.0ms)


Started GET "/" for 127.0.0.1 at 2025-05-20 19:15:19 +0530
Processing by CatsController#index as HTML
  Rendering layout layouts/application.html.erb
  Rendering cats/index.html.erb within layouts/application
  Rendered cats/index.html.erb within layouts/application (Duration: 1.7ms | GC: 0.0ms)
  Rendered layout layouts/application.html.erb (Duration: 4.9ms | GC: 0.6ms)
Completed 200 OK in 36ms (Views: 5.8ms | ActiveRecord: 0.0ms (0 queries, 0 cached) | GC: 1.4ms)


Started GET "/search?breed=Himalayan&commit=Search" for 127.0.0.1 at 2025-05-20 19:15:22 +0530
Processing by CatsController#search as HTML
  Parameters: {"breed"=>"Himalayan", "commit"=>"Search"}
  Rendering layout layouts/application.html.erb
  Rendering cats/search.html.erb within layouts/application
  Rendered cats/search.html.erb within layouts/application (Duration: 0.4ms | GC: 0.0ms)
  Rendered layout layouts/application.html.erb (Duration: 2.6ms | GC: 0.5ms)
Completed 200 OK in 1133ms (Views: 3.2ms | ActiveRecord: 0.0ms (0 queries, 0 cached) | GC: 0.5ms)


Started GET "/" for 127.0.0.1 at 2025-05-20 19:15:28 +0530
Processing by CatsController#index as HTML
  Rendering layout layouts/application.html.erb
  Rendering cats/index.html.erb within layouts/application
  Rendered cats/index.html.erb within layouts/application (Duration: 1.8ms | GC: 0.0ms)
  Rendered layout layouts/application.html.erb (Duration: 5.7ms | GC: 1.2ms)
Completed 200 OK in 36ms (Views: 6.5ms | ActiveRecord: 0.0ms (0 queries, 0 cached) | GC: 1.2ms)


Started GET "/search?breed=Tiger&commit=Search" for 127.0.0.1 at 2025-05-20 19:15:34 +0530
Processing by CatsController#search as HTML
  Parameters: {"breed"=>"Tiger", "commit"=>"Search"}
  Rendering layout layouts/application.html.erb
  Rendering cats/search.html.erb within layouts/application
  Rendered cats/search.html.erb within layouts/application (Duration: 0.7ms | GC: 0.0ms)
  Rendered layout layouts/application.html.erb (Duration: 3.7ms | GC: 0.0ms)
Completed 200 OK in 662ms (Views: 4.6ms | ActiveRecord: 0.0ms (0 queries, 0 cached) | GC: 0.0ms)


Started GET "/" for 127.0.0.1 at 2025-05-20 19:15:36 +0530
Processing by CatsController#index as HTML
  Rendering layout layouts/application.html.erb
  Rendering cats/index.html.erb within layouts/application
  Rendered cats/index.html.erb within layouts/application (Duration: 1.6ms | GC: 0.0ms)
  Rendered layout layouts/application.html.erb (Duration: 4.1ms | GC: 0.0ms)
Completed 200 OK in 35ms (Views: 4.9ms | ActiveRecord: 0.0ms (0 queries, 0 cached) | GC: 0.0ms)


Started GET "/search?breed=lion&commit=Search" for 127.0.0.1 at 2025-05-20 19:15:39 +0530
Processing by CatsController#search as HTML
  Parameters: {"breed"=>"lion", "commit"=>"Search"}
  Rendering layout layouts/application.html.erb
  Rendering cats/search.html.erb within layouts/application
  Rendered cats/search.html.erb within layouts/application (Duration: 0.6ms | GC: 0.0ms)
  Rendered layout layouts/application.html.erb (Duration: 3.5ms | GC: 0.0ms)
Completed 200 OK in 735ms (Views: 4.4ms | ActiveRecord: 0.0ms (0 queries, 0 cached) | GC: 0.0ms)


Started GET "/" for 127.0.0.1 at 2025-05-20 19:15:42 +0530
Processing by CatsController#index as HTML
  Rendering layout layouts/application.html.erb
  Rendering cats/index.html.erb within layouts/application
  Rendered cats/index.html.erb within layouts/application (Duration: 2.0ms | GC: 0.0ms)
  Rendered layout layouts/application.html.erb (Duration: 5.2ms | GC: 0.0ms)
Completed 200 OK in 40ms (Views: 6.1ms | ActiveRecord: 0.0ms (0 queries, 0 cached) | GC: 0.0ms)


Started GET "/search?breed=Abyssinian&commit=Search" for 127.0.0.1 at 2025-05-20 19:15:48 +0530
Processing by CatsController#search as HTML
  Parameters: {"breed"=>"Abyssinian", "commit"=>"Search"}
  Rendering layout layouts/application.html.erb
  Rendering cats/search.html.erb within layouts/application
  Rendered cats/search.html.erb within layouts/application (Duration: 0.4ms | GC: 0.0ms)
  Rendered layout layouts/application.html.erb (Duration: 2.0ms | GC: 0.0ms)
Completed 200 OK in 1124ms (Views: 2.6ms | ActiveRecord: 0.0ms (0 queries, 0 cached) | GC: 0.0ms)


Started GET "/" for 127.0.0.1 at 2025-05-20 19:15:50 +0530
Processing by CatsController#index as HTML
  Rendering layout layouts/application.html.erb
  Rendering cats/index.html.erb within layouts/application
  Rendered cats/index.html.erb within layouts/application (Duration: 2.1ms | GC: 0.0ms)
  Rendered layout layouts/application.html.erb (Duration: 5.0ms | GC: 0.0ms)
Completed 200 OK in 37ms (Views: 5.8ms | ActiveRecord: 0.0ms (0 queries, 0 cached) | GC: 0.0ms)


Started GET "/search?breed=Abyssinian&commit=Search" for 127.0.0.1 at 2025-05-20 19:15:53 +0530
Processing by CatsController#search as HTML
  Parameters: {"breed"=>"Abyssinian", "commit"=>"Search"}
  Rendering layout layouts/application.html.erb
  Rendering cats/search.html.erb within layouts/application
  Rendered cats/search.html.erb within layouts/application (Duration: 1.8ms | GC: 0.0ms)
  Rendered layout layouts/application.html.erb (Duration: 4.9ms | GC: 0.0ms)
Completed 200 OK in 1432ms (Views: 5.9ms | ActiveRecord: 0.0ms (0 queries, 0 cached) | GC: 0.0ms)


Started GET "/" for 127.0.0.1 at 2025-05-20 19:22:36 +0530
  [1m[36mActiveRecord::SchemaMigration Load (0.2ms)[0m  [1m[34mSELECT "schema_migrations"."version" FROM "schema_migrations" ORDER BY "schema_migrations"."version" ASC /*application='CatSearchApp'*/[0m
Processing by CatsController#index as HTML
  Rendering layout layouts/application.html.erb
  Rendering cats/index.html.erb within layouts/application
  Rendered cats/index.html.erb within layouts/application (Duration: 7.7ms | GC: 1.3ms)
  Rendered layout layouts/application.html.erb (Duration: 32.5ms | GC: 3.6ms)
Completed 200 OK in 104ms (Views: 39.7ms | ActiveRecord: 0.0ms (0 queries, 0 cached) | GC: 22.8ms)


Started GET "/search?breed=Abyssinian&commit=Search" for 127.0.0.1 at 2025-05-20 19:22:40 +0530
Processing by CatsController#search as HTML
  Parameters: {"breed"=>"Abyssinian", "commit"=>"Search"}
  Rendering layout layouts/application.html.erb
  Rendering cats/search.html.erb within layouts/application
  Rendered cats/search.html.erb within layouts/application (Duration: 1.7ms | GC: 0.0ms)
  Rendered layout layouts/application.html.erb (Duration: 8.8ms | GC: 0.0ms)
Completed 200 OK in 1228ms (Views: 9.9ms | ActiveRecord: 0.0ms (0 queries, 0 cached) | GC: 0.9ms)


Started GET "/" for 127.0.0.1 at 2025-05-20 19:22:45 +0530
Processing by CatsController#index as HTML
  Rendering layout layouts/application.html.erb
  Rendering cats/index.html.erb within layouts/application
  Rendered cats/index.html.erb within layouts/application (Duration: 1.2ms | GC: 0.0ms)
  Rendered layout layouts/application.html.erb (Duration: 4.0ms | GC: 0.0ms)
Completed 200 OK in 21ms (Views: 4.8ms | ActiveRecord: 0.0ms (0 queries, 0 cached) | GC: 0.0ms)


Started GET "/search?breed=Maine+Coon&commit=Search" for 127.0.0.1 at 2025-05-20 19:22:50 +0530
Processing by CatsController#search as HTML
  Parameters: {"breed"=>"Maine Coon", "commit"=>"Search"}
  Rendering layout layouts/application.html.erb
  Rendering cats/search.html.erb within layouts/application
  Rendered cats/search.html.erb within layouts/application (Duration: 0.5ms | GC: 0.0ms)
  Rendered layout layouts/application.html.erb (Duration: 3.6ms | GC: 0.0ms)
Completed 200 OK in 1107ms (Views: 4.5ms | ActiveRecord: 0.0ms (0 queries, 0 cached) | GC: 0.8ms)


Started GET "/search?breed=Maine+Coon&commit=Search" for 127.0.0.1 at 2025-05-20 19:22:55 +0530
Processing by CatsController#search as HTML
  Parameters: {"breed"=>"Maine Coon", "commit"=>"Search"}
  Rendering layout layouts/application.html.erb
  Rendering cats/search.html.erb within layouts/application
  Rendered cats/search.html.erb within layouts/application (Duration: 0.6ms | GC: 0.0ms)
  Rendered layout layouts/application.html.erb (Duration: 3.8ms | GC: 0.0ms)
Completed 200 OK in 1069ms (Views: 4.7ms | ActiveRecord: 0.0ms (0 queries, 0 cached) | GC: 0.7ms)


Started GET "/" for 127.0.0.1 at 2025-05-23 12:06:01 +0530
  [1m[36mActiveRecord::SchemaMigration Load (0.3ms)[0m  [1m[34mSELECT "schema_migrations"."version" FROM "schema_migrations" ORDER BY "schema_migrations"."version" ASC /*application='CatSearchApp'*/[0m
Processing by CatsController#index as HTML
  Rendering layout layouts/application.html.erb
  Rendering cats/index.html.erb within layouts/application
  Rendered cats/index.html.erb within layouts/application (Duration: 15.1ms | GC: 1.2ms)
  Rendered layout layouts/application.html.erb (Duration: 51.1ms | GC: 3.4ms)
Completed 200 OK in 169ms (Views: 59.6ms | ActiveRecord: 0.0ms (0 queries, 0 cached) | GC: 21.3ms)


Started GET "/assets/application-8b441ae0.css" for 127.0.0.1 at 2025-05-23 12:06:01 +0530
Started GET "/assets/controllers/application-3affb389.js" for 127.0.0.1 at 2025-05-23 12:06:01 +0530
Started GET "/assets/stimulus-loading-1fc53fe7.js" for 127.0.0.1 at 2025-05-23 12:06:01 +0530
Started GET "/assets/controllers/hello_controller-708796bd.js" for 127.0.0.1 at 2025-05-23 12:06:01 +0530
Started GET "/assets/controllers/index-ee64e1f1.js" for 127.0.0.1 at 2025-05-23 12:06:01 +0530
Started GET "/search?breed=Abyssinian&commit=Search" for 127.0.0.1 at 2025-05-23 12:06:07 +0530
Processing by CatsController#search as HTML
  Parameters: {"breed"=>"Abyssinian", "commit"=>"Search"}
  Rendering layout layouts/application.html.erb
  Rendering cats/search.html.erb within layouts/application
  Rendered cats/search.html.erb within layouts/application (Duration: 4.8ms | GC: 0.5ms)
  Rendered layout layouts/application.html.erb (Duration: 437.5ms | GC: 0.5ms)
Completed 200 OK in 2368ms (Views: 438.9ms | ActiveRecord: 0.0ms (0 queries, 0 cached) | GC: 0.9ms)


Started GET "/search?breed=Abyssinian&commit=Search" for 127.0.0.1 at 2025-05-23 12:06:51 +0530
Processing by CatsController#search as HTML
  Parameters: {"breed"=>"Abyssinian", "commit"=>"Search"}
  Rendering layout layouts/application.html.erb
  Rendering cats/search.html.erb within layouts/application
  Rendered cats/search.html.erb within layouts/application (Duration: 1.5ms | GC: 0.0ms)
  Rendered layout layouts/application.html.erb (Duration: 3.9ms | GC: 0.5ms)
Completed 200 OK in 1212ms (Views: 4.6ms | ActiveRecord: 0.0ms (0 queries, 0 cached) | GC: 1.8ms)


Started GET "/search?breed=Abyssinian&commit=Search" for 127.0.0.1 at 2025-05-23 12:07:07 +0530
Processing by CatsController#search as HTML
  Parameters: {"breed"=>"Abyssinian", "commit"=>"Search"}
  Rendering layout layouts/application.html.erb
  Rendering cats/search.html.erb within layouts/application
  Rendered cats/search.html.erb within layouts/application (Duration: 17.1ms | GC: 15.0ms)
  Rendered layout layouts/application.html.erb (Duration: 33.4ms | GC: 29.1ms)
Completed 200 OK in 1260ms (Views: 34.2ms | ActiveRecord: 0.0ms (0 queries, 0 cached) | GC: 74.2ms)


Started GET "/search?breed=Persian&commit=Search" for 127.0.0.1 at 2025-05-23 12:07:12 +0530
Processing by CatsController#search as HTML
  Parameters: {"breed"=>"Persian", "commit"=>"Search"}
  Rendering layout layouts/application.html.erb
  Rendering cats/search.html.erb within layouts/application
  Rendered cats/search.html.erb within layouts/application (Duration: 3.0ms | GC: 0.0ms)
  Rendered layout layouts/application.html.erb (Duration: 6.9ms | GC: 0.0ms)
Completed 200 OK in 1124ms (Views: 7.6ms | ActiveRecord: 0.0ms (0 queries, 0 cached) | GC: 0.6ms)


Started GET "/search?breed=Bengal&commit=Search" for 127.0.0.1 at 2025-05-23 12:07:20 +0530
Processing by CatsController#search as HTML
  Parameters: {"breed"=>"Bengal", "commit"=>"Search"}
  Rendering layout layouts/application.html.erb
  Rendering cats/search.html.erb within layouts/application
  Rendered cats/search.html.erb within layouts/application (Duration: 2.3ms | GC: 0.3ms)
  Rendered layout layouts/application.html.erb (Duration: 5.4ms | GC: 0.3ms)
Completed 200 OK in 1079ms (Views: 6.4ms | ActiveRecord: 0.0ms (0 queries, 0 cached) | GC: 0.3ms)


Started GET "/search?breed=Bengal&commit=Search" for 127.0.0.1 at 2025-05-23 12:08:55 +0530
Processing by CatsController#search as HTML
  Parameters: {"breed"=>"Bengal", "commit"=>"Search"}
  Rendering layout layouts/application.html.erb
  Rendering cats/search.html.erb within layouts/application
  Rendered cats/search.html.erb within layouts/application (Duration: 3.1ms | GC: 0.0ms)
  Rendered layout layouts/application.html.erb (Duration: 7.7ms | GC: 0.0ms)
Completed 200 OK in 1139ms (Views: 10.2ms | ActiveRecord: 0.0ms (0 queries, 0 cached) | GC: 0.5ms)


Started GET "/search?breed=Persian&commit=Search" for 127.0.0.1 at 2025-05-23 12:09:12 +0530
Processing by CatsController#search as HTML
  Parameters: {"breed"=>"Persian", "commit"=>"Search"}
  Rendering layout layouts/application.html.erb
  Rendering cats/search.html.erb within layouts/application
  Rendered cats/search.html.erb within layouts/application (Duration: 1.9ms | GC: 0.0ms)
  Rendered layout layouts/application.html.erb (Duration: 4.3ms | GC: 0.0ms)
Completed 200 OK in 1159ms (Views: 5.9ms | ActiveRecord: 0.0ms (0 queries, 0 cached) | GC: 0.0ms)


Started GET "/search?breed=Persian&commit=Search" for 127.0.0.1 at 2025-05-23 12:11:06 +0530
Processing by CatsController#search as HTML
  Parameters: {"breed"=>"Persian", "commit"=>"Search"}
  Rendering layout layouts/application.html.erb
  Rendering cats/search.html.erb within layouts/application
  Rendered cats/search.html.erb within layouts/application (Duration: 4.0ms | GC: 0.0ms)
  Rendered layout layouts/application.html.erb (Duration: 13.3ms | GC: 0.0ms)
Completed 200 OK in 1114ms (Views: 17.6ms | ActiveRecord: 0.0ms (0 queries, 0 cached) | GC: 0.0ms)


Started GET "/search?breed=Abyssinian&commit=Search" for 127.0.0.1 at 2025-05-23 12:11:08 +0530
Processing by CatsController#search as HTML
  Parameters: {"breed"=>"Abyssinian", "commit"=>"Search"}
Started GET "/" for 127.0.0.1 at 2025-05-23 12:11:08 +0530
Processing by CatsController#index as HTML
  Rendering layout layouts/application.html.erb
  Rendering cats/index.html.erb within layouts/application
  Rendered cats/index.html.erb within layouts/application (Duration: 3.2ms | GC: 0.0ms)
  Rendered layout layouts/application.html.erb (Duration: 5.8ms | GC: 0.0ms)
Completed 200 OK in 36ms (Views: 6.7ms | ActiveRecord: 0.0ms (0 queries, 0 cached) | GC: 0.0ms)


  Rendering layout layouts/application.html.erb
  Rendering cats/search.html.erb within layouts/application
  Rendered cats/search.html.erb within layouts/application (Duration: 2.2ms | GC: 0.0ms)
  Rendered layout layouts/application.html.erb (Duration: 5.0ms | GC: 0.0ms)
Completed 200 OK in 1131ms (Views: 5.9ms | ActiveRecord: 0.0ms (0 queries, 0 cached) | GC: 0.0ms)


Started GET "/" for 127.0.0.1 at 2025-05-23 12:11:10 +0530
Processing by CatsController#index as HTML
  Rendering layout layouts/application.html.erb
  Rendering cats/index.html.erb within layouts/application
  Rendered cats/index.html.erb within layouts/application (Duration: 1.4ms | GC: 0.0ms)
  Rendered layout layouts/application.html.erb (Duration: 10.3ms | GC: 6.5ms)
Completed 200 OK in 29ms (Views: 11.1ms | ActiveRecord: 0.0ms (0 queries, 0 cached) | GC: 6.5ms)


Started GET "/search?breed=Persian&commit=Search" for 127.0.0.1 at 2025-05-23 12:11:12 +0530
Processing by CatsController#search as HTML
  Parameters: {"breed"=>"Persian", "commit"=>"Search"}
  Rendering layout layouts/application.html.erb
  Rendering cats/search.html.erb within layouts/application
  Rendered cats/search.html.erb within layouts/application (Duration: 1.5ms | GC: 0.0ms)
  Rendered layout layouts/application.html.erb (Duration: 6.8ms | GC: 2.4ms)
Completed 200 OK in 1228ms (Views: 7.8ms | ActiveRecord: 0.0ms (0 queries, 0 cached) | GC: 4.1ms)


Started GET "/" for 127.0.0.1 at 2025-05-23 12:11:47 +0530
Processing by CatsController#index as HTML
  Rendering layout layouts/application.html.erb
  Rendering cats/index.html.erb within layouts/application
  Rendered cats/index.html.erb within layouts/application (Duration: 2.2ms | GC: 0.4ms)
  Rendered layout layouts/application.html.erb (Duration: 7.2ms | GC: 0.4ms)
Completed 200 OK in 28ms (Views: 9.2ms | ActiveRecord: 0.0ms (0 queries, 0 cached) | GC: 0.4ms)


Started GET "/search?breed=Persian&commit=Search" for 127.0.0.1 at 2025-05-23 12:11:49 +0530
Processing by CatsController#search as HTML
  Parameters: {"breed"=>"Persian", "commit"=>"Search"}
  Rendering layout layouts/application.html.erb
  Rendering cats/search.html.erb within layouts/application
  Rendered cats/search.html.erb within layouts/application (Duration: 0.9ms | GC: 0.0ms)
  Rendered layout layouts/application.html.erb (Duration: 2.4ms | GC: 0.0ms)
Completed 200 OK in 1117ms (Views: 3.0ms | ActiveRecord: 0.0ms (0 queries, 0 cached) | GC: 0.4ms)


Started GET "/search?breed=Persian&commit=Search" for 127.0.0.1 at 2025-05-23 12:12:32 +0530
Processing by CatsController#search as HTML
  Parameters: {"breed"=>"Persian", "commit"=>"Search"}
  Rendering layout layouts/application.html.erb
  Rendering cats/search.html.erb within layouts/application
  Rendered cats/search.html.erb within layouts/application (Duration: 1.3ms | GC: 0.0ms)
  Rendered layout layouts/application.html.erb (Duration: 7.4ms | GC: 0.0ms)
Completed 200 OK in 1222ms (Views: 10.0ms | ActiveRecord: 0.0ms (0 queries, 0 cached) | GC: 0.3ms)


Started GET "/search?breed=Persian&commit=Search" for 127.0.0.1 at 2025-05-23 12:13:48 +0530
Processing by CatsController#search as HTML
  Parameters: {"breed"=>"Persian", "commit"=>"Search"}
  Rendering layout layouts/application.html.erb
  Rendering cats/search.html.erb within layouts/application
  Rendered cats/search.html.erb within layouts/application (Duration: 2.5ms | GC: 0.0ms)
  Rendered layout layouts/application.html.erb (Duration: 11.0ms | GC: 0.7ms)
Completed 200 OK in 1139ms (Views: 14.2ms | ActiveRecord: 0.0ms (0 queries, 0 cached) | GC: 0.8ms)


Started GET "/" for 127.0.0.1 at 2025-05-23 12:13:50 +0530
Processing by CatsController#index as HTML
  Rendering layout layouts/application.html.erb
  Rendering cats/index.html.erb within layouts/application
  Rendered cats/index.html.erb within layouts/application (Duration: 2.1ms | GC: 0.0ms)
  Rendered layout layouts/application.html.erb (Duration: 4.2ms | GC: 0.0ms)
Completed 200 OK in 24ms (Views: 5.1ms | ActiveRecord: 0.0ms (0 queries, 0 cached) | GC: 0.0ms)


Started GET "/search?breed=Maine+Coon&commit=Search" for 127.0.0.1 at 2025-05-23 12:13:56 +0530
Processing by CatsController#search as HTML
  Parameters: {"breed"=>"Maine Coon", "commit"=>"Search"}
  Rendering layout layouts/application.html.erb
  Rendering cats/search.html.erb within layouts/application
  Rendered cats/search.html.erb within layouts/application (Duration: 0.4ms | GC: 0.0ms)
  Rendered layout layouts/application.html.erb (Duration: 1.9ms | GC: 0.0ms)
Completed 200 OK in 1364ms (Views: 2.5ms | ActiveRecord: 0.0ms (0 queries, 0 cached) | GC: 0.6ms)


Started GET "/" for 127.0.0.1 at 2025-05-23 12:13:59 +0530
Processing by CatsController#index as HTML
  Rendering layout layouts/application.html.erb
  Rendering cats/index.html.erb within layouts/application
  Rendered cats/index.html.erb within layouts/application (Duration: 2.0ms | GC: 0.5ms)
  Rendered layout layouts/application.html.erb (Duration: 3.9ms | GC: 0.5ms)
Completed 200 OK in 17ms (Views: 4.6ms | ActiveRecord: 0.0ms (0 queries, 0 cached) | GC: 0.5ms)


Started GET "/" for 127.0.0.1 at 2025-05-23 12:14:00 +0530
Processing by CatsController#index as HTML
  Rendering layout layouts/application.html.erb
  Rendering cats/index.html.erb within layouts/application
  Rendered cats/index.html.erb within layouts/application (Duration: 1.5ms | GC: 0.2ms)
  Rendered layout layouts/application.html.erb (Duration: 3.4ms | GC: 0.2ms)
Completed 200 OK in 27ms (Views: 4.1ms | ActiveRecord: 0.0ms (0 queries, 0 cached) | GC: 0.2ms)


